# JRE version: Java(TM) SE Runtime Environment (17.0.1+12) (build 17.0.1+12-LTS-39)
# Java VM: Java HotSpot(TM) 64-Bit Server VM (17.0.1+12-LTS-39, mixed mode, sharing, tiered, compressed oops, compressed class ptrs, g1 gc, windows-amd64)
GC Precious Log:
 CPUs: 4 total, 4 available
 Memory: 3955M
 Large Page Support: Disabled
 NUMA Support: Disabled
 Compressed Oops: Enabled (32-bit)
 Heap Region Size: 1M
 Heap Min Capacity: 8M
 Heap Initial Capacity: 62M
 Heap Max Capacity: 990M
 Pre-touch: Disabled
 Parallel Workers: 4
 Concurrent Workers: 1
 Concurrent Refinement Workers: 4
 Periodic GC: Disabled
Heap:
 garbage-first heap   total 63488K, used 12580K [0x00000000c2200000, 0x0000000100000000)
  region size 1024K, 10 young (10240K), 3 survivors (3072K)
 Metaspace       used 13498K, committed 13696K, reserved 1064960K
  class space    used 1642K, committed 1728K, reserved 1048576K
GC Heap History (6 events):
Event: 2.423 GC heap before
{Heap before GC invocations=0 (full 0):
 garbage-first heap   total 63488K, used 12288K [0x00000000c2200000, 0x0000000100000000)
  region size 1024K, 13 young (13312K), 0 survivors (0K)
 Metaspace       used 3347K, committed 3520K, reserved 1056768K
  class space    used 356K, committed 448K, reserved 1048576K
}
Event: 2.445 GC heap after
{Heap after GC invocations=1 (full 0):
 garbage-first heap   total 63488K, used 3732K [0x00000000c2200000, 0x0000000100000000)
  region size 1024K, 2 young (2048K), 2 survivors (2048K)
 Metaspace       used 3347K, committed 3520K, reserved 1056768K
  class space    used 356K, committed 448K, reserved 1048576K
}
Event: 4.260 GC heap before
{Heap before GC invocations=1 (full 0):
 garbage-first heap   total 63488K, used 17044K [0x00000000c2200000, 0x0000000100000000)
  region size 1024K, 15 young (15360K), 2 survivors (2048K)
 Metaspace       used 6126K, committed 6336K, reserved 1056768K
  class space    used 722K, committed 832K, reserved 1048576K
}
Event: 4.270 GC heap after
{Heap after GC invocations=2 (full 0):
 garbage-first heap   total 63488K, used 4439K [0x00000000c2200000, 0x0000000100000000)
  region size 1024K, 1 young (1024K), 1 survivors (1024K)
 Metaspace       used 6126K, committed 6336K, reserved 1056768K
  class space    used 722K, committed 832K, reserved 1048576K
}
Event: 6.791 GC heap before
{Heap before GC invocations=2 (full 0):
 garbage-first heap   total 63488K, used 27991K [0x00000000c2200000, 0x0000000100000000)
  region size 1024K, 25 young (25600K), 1 survivors (1024K)
 Metaspace       used 11883K, committed 12160K, reserved 1064960K
  class space    used 1416K, committed 1536K, reserved 1048576K
}
Event: 6.809 GC heap after
{Heap after GC invocations=3 (full 0):
 garbage-first heap   total 63488K, used 6436K [0x00000000c2200000, 0x0000000100000000)
  region size 1024K, 3 young (3072K), 3 survivors (3072K)
 Metaspace       used 11883K, committed 12160K, reserved 1064960K
  class space    used 1416K, committed 1536K, reserved 1048576K
}

