# JRE version: Java(TM) SE Runtime Environment (17.0.1+12) (build 17.0.1+12-LTS-39)
# Java VM: Java HotSpot(TM) 64-Bit Server VM (17.0.1+12-LTS-39, mixed mode, sharing, tiered, compressed oops, compressed class ptrs, g1 gc, windows-amd64)
GC Precious Log:
 CPUs: 4 total, 4 available
 Memory: 3955M
 Large Page Support: Disabled
 NUMA Support: Disabled
 Compressed Oops: Enabled (32-bit)
 Heap Region Size: 1M
 Heap Min Capacity: 8M
 Heap Initial Capacity: 62M
 Heap Max Capacity: 990M
 Pre-touch: Disabled
 Parallel Workers: 4
 Concurrent Workers: 1
 Concurrent Refinement Workers: 4
 Periodic GC: Disabled
Heap:
 garbage-first heap   total 76800K, used 64579K [0x00000000c2200000, 0x0000000100000000)
  region size 1024K, 20 young (20480K), 1 survivors (1024K)
 Metaspace       used 18144K, committed 18432K, reserved 1064960K
  class space    used 2080K, committed 2240K, reserved 1048576K
GC Heap History (16 events):
Event: 2.439 GC heap before
{Heap before GC invocations=0 (full 0):
 garbage-first heap   total 63488K, used 13312K [0x00000000c2200000, 0x0000000100000000)
  region size 1024K, 13 young (13312K), 0 survivors (0K)
 Metaspace       used 3427K, committed 3648K, reserved 1056768K
  class space    used 364K, committed 448K, reserved 1048576K
}
Event: 2.462 GC heap after
{Heap after GC invocations=1 (full 0):
 garbage-first heap   total 63488K, used 3292K [0x00000000c2200000, 0x0000000100000000)
  region size 1024K, 2 young (2048K), 2 survivors (2048K)
 Metaspace       used 3427K, committed 3648K, reserved 1056768K
  class space    used 364K, committed 448K, reserved 1048576K
}
Event: 3.762 GC heap before
{Heap before GC invocations=1 (full 0):
 garbage-first heap   total 63488K, used 14556K [0x00000000c2200000, 0x0000000100000000)
  region size 1024K, 13 young (13312K), 2 survivors (2048K)
 Metaspace       used 5669K, committed 5888K, reserved 1056768K
  class space    used 681K, committed 768K, reserved 1048576K
}
Event: 3.778 GC heap after
{Heap after GC invocations=2 (full 0):
 garbage-first heap   total 63488K, used 4104K [0x00000000c2200000, 0x0000000100000000)
  region size 1024K, 1 young (1024K), 1 survivors (1024K)
 Metaspace       used 5669K, committed 5888K, reserved 1056768K
  class space    used 681K, committed 768K, reserved 1048576K
}
Event: 5.853 GC heap before
{Heap before GC invocations=2 (full 0):
 garbage-first heap   total 63488K, used 27656K [0x00000000c2200000, 0x0000000100000000)
  region size 1024K, 25 young (25600K), 1 survivors (1024K)
 Metaspace       used 7932K, committed 8128K, reserved 1064960K
  class space    used 954K, committed 1024K, reserved 1048576K
}
Event: 5.864 GC heap after
{Heap after GC invocations=3 (full 0):
 garbage-first heap   total 63488K, used 4704K [0x00000000c2200000, 0x0000000100000000)
  region size 1024K, 2 young (2048K), 2 survivors (2048K)
 Metaspace       used 7932K, committed 8128K, reserved 1064960K
  class space    used 954K, committed 1024K, reserved 1048576K
}
Event: 10.426 GC heap before
{Heap before GC invocations=3 (full 0):
 garbage-first heap   total 63488K, used 40544K [0x00000000c2200000, 0x0000000100000000)
  region size 1024K, 37 young (37888K), 2 survivors (2048K)
 Metaspace       used 14292K, committed 14528K, reserved 1064960K
  class space    used 1752K, committed 1856K, reserved 1048576K
}
Event: 10.466 GC heap after
{Heap after GC invocations=4 (full 0):
 garbage-first heap   total 63488K, used 7750K [0x00000000c2200000, 0x0000000100000000)
  region size 1024K, 5 young (5120K), 5 survivors (5120K)
 Metaspace       used 14292K, committed 14528K, reserved 1064960K
  class space    used 1752K, committed 1856K, reserved 1048576K
}
Event: 13.029 GC heap before
{Heap before GC invocations=4 (full 0):
 garbage-first heap   total 63488K, used 40518K [0x00000000c2200000, 0x0000000100000000)
  region size 1024K, 37 young (37888K), 5 survivors (5120K)
 Metaspace       used 15527K, committed 15680K, reserved 1064960K
  class space    used 1862K, committed 1920K, reserved 1048576K
}
Event: 13.080 GC heap after
{Heap after GC invocations=5 (full 0):
 garbage-first heap   total 63488K, used 11933K [0x00000000c2200000, 0x0000000100000000)
  region size 1024K, 5 young (5120K), 5 survivors (5120K)
 Metaspace       used 15527K, committed 15680K, reserved 1064960K
  class space    used 1862K, committed 1920K, reserved 1048576K
}
Event: 15.685 GC heap before
{Heap before GC invocations=5 (full 0):
 garbage-first heap   total 63488K, used 43677K [0x00000000c2200000, 0x0000000100000000)
  region size 1024K, 36 young (36864K), 5 survivors (5120K)
 Metaspace       used 16076K, committed 16320K, reserved 1064960K
  class space    used 1883K, committed 1984K, reserved 1048576K
}
Event: 15.716 GC heap after
{Heap after GC invocations=6 (full 0):
 garbage-first heap   total 63488K, used 13278K [0x00000000c2200000, 0x0000000100000000)
  region size 1024K, 3 young (3072K), 3 survivors (3072K)
 Metaspace       used 16076K, committed 16320K, reserved 1064960K
  class space    used 1883K, committed 1984K, reserved 1048576K
}
Event: 16.463 GC heap before
{Heap before GC invocations=6 (full 0):
 garbage-first heap   total 63488K, used 28638K [0x00000000c2200000, 0x0000000100000000)
  region size 1024K, 11 young (11264K), 3 survivors (3072K)
 Metaspace       used 16840K, committed 17152K, reserved 1064960K
  class space    used 1977K, committed 2112K, reserved 1048576K
}
Event: 16.480 GC heap after
{Heap after GC invocations=7 (full 0):
 garbage-first heap   total 63488K, used 21582K [0x00000000c2200000, 0x0000000100000000)
  region size 1024K, 3 young (3072K), 3 survivors (3072K)
 Metaspace       used 16840K, committed 17152K, reserved 1064960K
  class space    used 1977K, committed 2112K, reserved 1048576K
}
Event: 16.491 GC heap before
{Heap before GC invocations=7 (full 0):
 garbage-first heap   total 63488K, used 33870K [0x00000000c2200000, 0x0000000100000000)
  region size 1024K, 4 young (4096K), 3 survivors (3072K)
 Metaspace       used 16840K, committed 17152K, reserved 1064960K
  class space    used 1977K, committed 2112K, reserved 1048576K
}
Event: 16.504 GC heap after
{Heap after GC invocations=8 (full 0):
 garbage-first heap   total 76800K, used 33859K [0x00000000c2200000, 0x0000000100000000)
  region size 1024K, 1 young (1024K), 1 survivors (1024K)
 Metaspace       used 16840K, committed 17152K, reserved 1064960K
  class space    used 1977K, committed 2112K, reserved 1048576K
}

